
          -------------------------------------------------------
          Amber 22 PMEMD                              2022
          -------------------------------------------------------

| PMEMD implementation of SANDER, Release 22

|  Compiled date/time: Thu Apr 14 20:06:37 2022
| Run on 01/21/2026 at 13:12:56

|   Executable path: /home/t38guest/amber22/bin/pmemd
| Working directory: /home/timmetz/Desktop/Origami_Optimizer/MD_simulation
|          Hostname: Unknown
  [-O]verwriting output

File Assignments:
|   MDIN: simulation_parameters/min.in                                          
|  MDOUT: out/gc1.out                                                           
| INPCRD: input.inpcrd                                                          
|   PARM: input.prmtop                                                          
| RESTRT: restart_files/gc1.rst7                                                
|   REFC: refc                                                                  
|  MDVEL: mdvel                                                                 
|   MDEN: mden                                                                  
|  MDCRD: mdcrd                                                                 
| MDINFO: info/min.info                                                         
|  MDFRC: mdfrc                                                                 


 Here is the input file:

#  1500 steps minimization                                                     
 &cntrl                                                                        
    maxcyc=500, imin=1, ntmin=2, cut=9.0, nsnb=20, igb=0,                      
    dielc=1.0, ntpr=100,ntxo=1,                                                
 &end                                                                          
                                                                               
eof                                                                            


Note: ig = -1. Setting random seed to    75768 based on wallclock time in 
      microseconds.
| irandom = 1, using AMBER's internal random number generator (default).
| INFO:    The nsnb ctrl option does not affect nonbonded list update frequency.
|          It does affect steepest descent minimization freq if ntmin == 0
 
 
| Conditional Compilation Defines Used:
| PUBFFT
| BINTRAJ
| EMIL

| Largest sphere to fit in unit cell has radius =    22.116

| New format PARM file being parsed.
| Version =    1.000 Date = 01/21/26 Time = 13:12:55

| Note: 1-4 EEL scale factors are being read from the topology file.

| Note: 1-4 VDW scale factors are being read from the topology file.
| INFO:    Virtual site frames will be inferred from bonding patterns.
| Duplicated    0 dihedrals

| Duplicated    0 dihedrals

--------------------------------------------------------------------------------
   1.  RESOURCE   USE: 
--------------------------------------------------------------------------------

 getting new box info from bottom of inpcrd
 NATOM  =   36159 NTYPES =      18 NBONH =   25462 MBONA  =   10886
 NTHETH =    3372 MTHETA =    4425 NPHIH =    7296 MPHIA  =    9323
 NHPARM =       0 NPARM  =       0 NNB   =   78407 NRES   =    8258
 NBONA  =   10886 NTHETA =    4425 NPHIA =    9323 NUMBND =      53
 NUMANG =     103 NPTRA  =      71 NATYP =      33 NPHB   =       0
 IFBOX  =       1 NMXRS  =      34 IFCAP =       0 NEXTRA =    8012
 NCOPY  =       0

| Coordinate Index Table dimensions:    25    8   13
| Direct force subcell size =     5.1731    5.5291    5.2802

     BOX TYPE: RECTILINEAR

--------------------------------------------------------------------------------
   2.  CONTROL  DATA  FOR  THE  RUN
--------------------------------------------------------------------------------

default_name                                                                    

General flags:
     imin    =       1, nmropt  =       0

Nature and format of input:
     ntx     =       1, irest   =       0, ntrx    =       1

Nature and format of output:
     ntxo    =       1, ntpr    =     100, ntrx    =       1, ntwr    =       1
     iwrap   =       0, ntwx    =       0, ntwv    =       0, ntwe    =       0
     ioutfm  =       1, ntwprt  =       0, idecomp =       0, rbornstat=      0

Potential function:
     ntf     =       1, ntb     =       1, igb     =       0, nsnb    =      20
     ipol    =       0, gbsa    =       0, iesp    =       0
     dielc   =   1.00000, cut     =   9.00000, intdiel =   1.00000

Frozen or restrained atoms:
     ibelly  =       0, ntr     =       0

Energy minimization:
     maxcyc  =     500, ncyc    =      10, ntmin   =       2
     dx0     =   0.01000, drms    =   0.00010

| Intermolecular bonds treatment:
|     no_intermolecular_bonds =       1

| Energy averages sample interval:
|     ene_avg_sampling =       1

Extra-points options:
     frameon =       1, chngmask=       1

Ewald parameters:
     verbose =       0, ew_type =       0, nbflag  =       1, use_pme =       1
     vdwmeth =       1, eedmeth =       1, netfrc  =       0
     Box X =  129.328   Box Y =   44.233   Box Z =   68.643
     Alpha =   90.000   Beta  =   90.000   Gamma =   90.000
     NFFT1 =  144       NFFT2 =   45       NFFT3 =   72
     Cutoff=    9.000   Tol   =0.100E-04
     Ewald Coefficient =  0.30768
     Interpolation order =    4
|      EXTRA_PTS, trim_bonds: num bonds BEFORE trim = 25462     0
|      EXTRA_PTS, trim_bonds: num bonds AFTER  trim = 25462     0
|      EXTRA_PTS, trim_bonds: num bonds BEFORE trim = 10886     0
|      EXTRA_PTS, trim_bonds: num bonds AFTER  trim =  2874     0
|      EXTRA_PTS, trim_theta: num angle BEFORE trim =  3372     0
|      EXTRA_PTS, trim_theta: num angle AFTER  trim =  3372     0
|      EXTRA_PTS, trim_theta: num angle BEFORE trim =  4425     0
|      EXTRA_PTS, trim_theta: num angle AFTER  trim =  4425     0
|      EXTRA_PTS, trim_phi:  num diheds BEFORE trim =  7296     0
|      EXTRA_PTS, trim_phi:  num diheds AFTER  trim =  7296     0
|      EXTRA_PTS, trim_phi:  num diheds BEFORE trim =  9323     0
|      EXTRA_PTS, trim_phi:  num diheds AFTER  trim =  9323     0

--------------------------------------------------------------------------------
   3.  ATOMIC COORDINATES AND VELOCITIES
--------------------------------------------------------------------------------

default_name                                                                    
 begin time read from input coords =     0.000 ps

 
 Number of triangulated 3-point waters found:     8012

     Sum of charges from parm topology file =   0.00004468
     Forcing neutrality...

| Dynamic Memory, Types Used:
| Reals              977852
| Integers          3932292

| Nonbonded Pairs Initial Allocation:     8244252

--------------------------------------------------------------------------------
   4.  RESULTS
--------------------------------------------------------------------------------

 ---------------------------------------------------
 APPROXIMATING switch and d/dx switch using CUBIC SPLINE INTERPOLATION
 using   5000.0 points per unit in tabled values
 TESTING RELATIVE ERROR over r ranging from 0.0 to cutoff
| CHECK switch(x): max rel err =   0.2738E-14   at   2.422500
| CHECK d/dx switch(x): max rel err =   0.8314E-11   at   2.736960
 ---------------------------------------------------
|---------------------------------------------------
| APPROXIMATING direct energy using CUBIC SPLINE INTERPOLATION
|  with   50.0 points per unit in tabled values
| Relative Error Limit not exceeded for r .gt.   2.39
| APPROXIMATING direct force using CUBIC SPLINE INTERPOLATION
|  with   50.0 points per unit in tabled values
| Relative Error Limit not exceeded for r .gt.   2.84
|---------------------------------------------------


   NSTEP       ENERGY          RMS            GMAX         NAME    NUMBER
      1      -9.4007E+04     1.8471E+01     1.1991E+02     O       28908

 BOND    =      243.0693  ANGLE   =      836.0748  DIHED      =     3695.1669
 VDWAALS =     8951.9310  EEL     =   -94322.6891  HBOND      =        0.0000
 1-4 VDW =      898.6888  1-4 EEL =   -14309.3226  RESTRAINT  =        0.0000
